2013/04/18 11:26:02 [error] [php] Use of undefined constant i - assumed 'i' (/var/www/mys/protected/controllers/SiteController.php:39)
Stack trace:
#0 /var/www/yii/framework/web/CController.php(286): SiteController->runAction()
#1 /var/www/yii/framework/web/CController.php(265): SiteController->runActionWithFilters()
#2 /var/www/yii/framework/web/CWebApplication.php(282): SiteController->run()
#3 /var/www/yii/framework/web/CWebApplication.php(141): CWebApplication->runController()
#4 /var/www/yii/framework/base/CApplication.php(169): CWebApplication->processRequest()
#5 /var/www/mys/index.php(13): CWebApplication->run()
REQUEST_URI=/mys/?res=&t=
in /var/www/mys/protected/controllers/SiteController.php (39)
in /var/www/mys/index.php (13)
2013/04/18 11:26:09 [error] [php] Use of undefined constant i - assumed 'i' (/var/www/mys/protected/controllers/SiteController.php:39)
Stack trace:
#0 /var/www/yii/framework/web/CController.php(286): SiteController->runAction()
#1 /var/www/yii/framework/web/CController.php(265): SiteController->runActionWithFilters()
#2 /var/www/yii/framework/web/CWebApplication.php(282): SiteController->run()
#3 /var/www/yii/framework/web/CWebApplication.php(141): CWebApplication->runController()
#4 /var/www/yii/framework/base/CApplication.php(169): CWebApplication->processRequest()
#5 /var/www/mys/index.php(13): CWebApplication->run()
REQUEST_URI=/mys/?res=asdf&t=
in /var/www/mys/protected/controllers/SiteController.php (39)
in /var/www/mys/index.php (13)
2013/04/18 11:26:27 [error] [php] Use of undefined constant i - assumed 'i' (/var/www/mys/protected/controllers/SiteController.php:39)
Stack trace:
#0 /var/www/yii/framework/web/CController.php(286): SiteController->runAction()
#1 /var/www/yii/framework/web/CController.php(265): SiteController->runActionWithFilters()
#2 /var/www/yii/framework/web/CWebApplication.php(282): SiteController->run()
#3 /var/www/yii/framework/web/CWebApplication.php(141): CWebApplication->runController()
#4 /var/www/yii/framework/base/CApplication.php(169): CWebApplication->processRequest()
#5 /var/www/mys/index.php(13): CWebApplication->run()
REQUEST_URI=/mys/?res=48.4&t=1000
in /var/www/mys/protected/controllers/SiteController.php (39)
in /var/www/mys/index.php (13)
2013/04/18 11:26:49 [error] [php] Undefined offset: 0 (/var/www/mys/protected/controllers/SiteController.php:43)
Stack trace:
#0 /var/www/yii/framework/web/CController.php(286): SiteController->runAction()
#1 /var/www/yii/framework/web/CController.php(265): SiteController->runActionWithFilters()
#2 /var/www/yii/framework/web/CWebApplication.php(282): SiteController->run()
#3 /var/www/yii/framework/web/CWebApplication.php(141): CWebApplication->runController()
#4 /var/www/yii/framework/base/CApplication.php(169): CWebApplication->processRequest()
#5 /var/www/mys/index.php(13): CWebApplication->run()
REQUEST_URI=/mys/?res=48.4&t=1000
in /var/www/mys/protected/controllers/SiteController.php (43)
in /var/www/mys/index.php (13)
2013/04/18 11:27:57 [error] [php] Undefined offset: 0 (/var/www/mys/protected/controllers/SiteController.php:43)
Stack trace:
#0 /var/www/yii/framework/web/CController.php(286): SiteController->runAction()
#1 /var/www/yii/framework/web/CController.php(265): SiteController->runActionWithFilters()
#2 /var/www/yii/framework/web/CWebApplication.php(282): SiteController->run()
#3 /var/www/yii/framework/web/CWebApplication.php(141): CWebApplication->runController()
#4 /var/www/yii/framework/base/CApplication.php(169): CWebApplication->processRequest()
#5 /var/www/mys/index.php(13): CWebApplication->run()
REQUEST_URI=/mys/?res=48.4&t=1000
in /var/www/mys/protected/controllers/SiteController.php (43)
in /var/www/mys/index.php (13)
2013/04/18 11:28:06 [error] [php] Undefined variable: variable (/var/www/mys/protected/views/site/index.php:19)
Stack trace:
#0 /var/www/yii/framework/web/CController.php(869): SiteController->renderFile()
#1 /var/www/yii/framework/web/CController.php(782): SiteController->renderPartial()
#2 /var/www/mys/protected/controllers/SiteController.php(58): SiteController->render()
#3 /var/www/yii/framework/web/actions/CInlineAction.php(49): SiteController->actionIndex()
#4 /var/www/yii/framework/web/CController.php(308): CInlineAction->runWithParams()
#5 /var/www/yii/framework/web/CController.php(286): SiteController->runAction()
#6 /var/www/yii/framework/web/CController.php(265): SiteController->runActionWithFilters()
#7 /var/www/yii/framework/web/CWebApplication.php(282): SiteController->run()
#8 /var/www/yii/framework/web/CWebApplication.php(141): CWebApplication->runController()
#9 /var/www/yii/framework/base/CApplication.php(169): CWebApplication->processRequest()
#10 /var/www/mys/index.php(13): CWebApplication->run()
REQUEST_URI=/mys/?res=48.4&t=1000
in /var/www/mys/protected/views/site/index.php (19)
in /var/www/mys/protected/controllers/SiteController.php (58)
in /var/www/mys/index.php (13)
2013/04/18 11:28:25 [error] [php] Undefined variable: values (/var/www/mys/protected/views/site/index.php:9)
Stack trace:
#0 /var/www/yii/framework/web/CController.php(869): SiteController->renderFile()
#1 /var/www/yii/framework/web/CController.php(782): SiteController->renderPartial()
#2 /var/www/mys/protected/controllers/SiteController.php(58): SiteController->render()
#3 /var/www/yii/framework/web/actions/CInlineAction.php(49): SiteController->actionIndex()
#4 /var/www/yii/framework/web/CController.php(308): CInlineAction->runWithParams()
#5 /var/www/yii/framework/web/CController.php(286): SiteController->runAction()
#6 /var/www/yii/framework/web/CController.php(265): SiteController->runActionWithFilters()
#7 /var/www/yii/framework/web/CWebApplication.php(282): SiteController->run()
#8 /var/www/yii/framework/web/CWebApplication.php(141): CWebApplication->runController()
#9 /var/www/yii/framework/base/CApplication.php(169): CWebApplication->processRequest()
#10 /var/www/mys/index.php(13): CWebApplication->run()
REQUEST_URI=/mys/?res=48.4&t=1000
in /var/www/mys/protected/views/site/index.php (9)
in /var/www/mys/protected/controllers/SiteController.php (58)
in /var/www/mys/index.php (13)
2013/04/18 12:09:02 [error] [php] Undefined variable: tLimiteCT (/var/www/mys/protected/views/site/index.php:33)
Stack trace:
#0 /var/www/yii/framework/web/CController.php(869): SiteController->renderFile()
#1 /var/www/yii/framework/web/CController.php(782): SiteController->renderPartial()
#2 /var/www/mys/protected/controllers/SiteController.php(90): SiteController->render()
#3 /var/www/yii/framework/web/actions/CInlineAction.php(49): SiteController->actionIndex()
#4 /var/www/yii/framework/web/CController.php(308): CInlineAction->runWithParams()
#5 /var/www/yii/framework/web/CController.php(286): SiteController->runAction()
#6 /var/www/yii/framework/web/CController.php(265): SiteController->runActionWithFilters()
#7 /var/www/yii/framework/web/CWebApplication.php(282): SiteController->run()
#8 /var/www/yii/framework/web/CWebApplication.php(141): CWebApplication->runController()
#9 /var/www/yii/framework/base/CApplication.php(169): CWebApplication->processRequest()
#10 /var/www/mys/index.php(13): CWebApplication->run()
REQUEST_URI=/mys/?res=48.4&t=1000
in /var/www/mys/protected/views/site/index.php (33)
in /var/www/mys/protected/controllers/SiteController.php (90)
in /var/www/mys/index.php (13)
2013/06/13 08:42:10 [error] [php] Undefined variable: temperaturasCP (/var/www/mys/protected/controllers/SiteController.php:81)
Stack trace:
#0 /var/www/yii/framework/web/CController.php(286): SiteController->runAction()
#1 /var/www/yii/framework/web/CController.php(265): SiteController->runActionWithFilters()
#2 /var/www/yii/framework/web/CWebApplication.php(282): SiteController->run()
#3 /var/www/yii/framework/web/CWebApplication.php(141): CWebApplication->runController()
#4 /var/www/yii/framework/base/CApplication.php(169): CWebApplication->processRequest()
#5 /var/www/mys/index.php(13): CWebApplication->run()
REQUEST_URI=/mys/
in /var/www/mys/protected/controllers/SiteController.php (81)
in /var/www/mys/index.php (13)
2013/06/13 08:48:08 [error] [php] Undefined variable: tLimiteCT (/var/www/mys/protected/controllers/SiteController.php:87)
Stack trace:
#0 /var/www/yii/framework/web/CController.php(286): SiteController->runAction()
#1 /var/www/yii/framework/web/CController.php(265): SiteController->runActionWithFilters()
#2 /var/www/yii/framework/web/CWebApplication.php(282): SiteController->run()
#3 /var/www/yii/framework/web/CWebApplication.php(141): CWebApplication->runController()
#4 /var/www/yii/framework/base/CApplication.php(169): CWebApplication->processRequest()
#5 /var/www/mys/index.php(13): CWebApplication->run()
REQUEST_URI=/mys/
in /var/www/mys/protected/controllers/SiteController.php (87)
in /var/www/mys/index.php (13)
2013/06/13 08:50:02 [error] [php] Undefined variable: tLimiteCT (/var/www/mys/protected/controllers/SiteController.php:99)
Stack trace:
#0 /var/www/yii/framework/web/CController.php(286): SiteController->runAction()
#1 /var/www/yii/framework/web/CController.php(265): SiteController->runActionWithFilters()
#2 /var/www/yii/framework/web/CWebApplication.php(282): SiteController->run()
#3 /var/www/yii/framework/web/CWebApplication.php(141): CWebApplication->runController()
#4 /var/www/yii/framework/base/CApplication.php(169): CWebApplication->processRequest()
#5 /var/www/mys/index.php(13): CWebApplication->run()
REQUEST_URI=/mys/
in /var/www/mys/protected/controllers/SiteController.php (99)
in /var/www/mys/index.php (13)
2013/06/13 09:10:06 [error] [php] Undefined index: res (/var/www/mys/protected/views/site/index.php:19)
Stack trace:
#0 /var/www/yii/framework/web/CController.php(869): SiteController->renderFile()
#1 /var/www/yii/framework/web/CController.php(782): SiteController->renderPartial()
#2 /var/www/mys/protected/controllers/SiteController.php(107): SiteController->render()
#3 /var/www/yii/framework/web/actions/CInlineAction.php(49): SiteController->actionIndex()
#4 /var/www/yii/framework/web/CController.php(308): CInlineAction->runWithParams()
#5 /var/www/yii/framework/web/CController.php(286): SiteController->runAction()
#6 /var/www/yii/framework/web/CController.php(265): SiteController->runActionWithFilters()
#7 /var/www/yii/framework/web/CWebApplication.php(282): SiteController->run()
#8 /var/www/yii/framework/web/CWebApplication.php(141): CWebApplication->runController()
#9 /var/www/yii/framework/base/CApplication.php(169): CWebApplication->processRequest()
#10 /var/www/mys/index.php(13): CWebApplication->run()
REQUEST_URI=/mys/
in /var/www/mys/protected/views/site/index.php (19)
in /var/www/mys/protected/controllers/SiteController.php (107)
in /var/www/mys/index.php (13)
